<?xml version="1.0" encoding="UTF-8"?>
<testsuite xmlns:xsi="http://www.w3.org/2001/XMLSchema-instance" xsi:noNamespaceSchemaLocation="https://maven.apache.org/surefire/maven-surefire-plugin/xsd/surefire-test-report-3.0.xsd" version="3.0" name="com.example.ProductQueryServiceApplicationTests" time="6.598" tests="1" errors="0" skipped="0" failures="0">
  <properties>
[...]
</properties>
  <testcase name="contextLoads" classname="com.example.ProductQueryServiceApplicationTests" time="0.531">
    <system-out><![CDATA[22:49:39.220 [main] INFO org.springframework.test.context.support.AnnotationConfigContextLoaderUtils -- Could not detect default configuration classes for test class [com.example.ProductQueryServiceApplicationTests]: ProductQueryServiceApplicationTests does not declare any static, non-private, non-final, nested classes annotated with @Configuration.
22:49:39.346 [main] INFO org.springframework.boot.test.context.SpringBootTestContextBootstrapper -- Found @SpringBootConfiguration com.example.ProductQueryServiceApplication for test class com.example.ProductQueryServiceApplicationTests

  .   ____          _            __ _ _
 /\\ / ___'_ __ _ _(_)_ __  __ _ \ \ \ \
( ( )\___ | '_ | '_| | '_ \/ _` | \ \ \ \
 \\/  ___)| |_)| | | | | || (_| |  ) ) ) )
  '  |____| .__|_| |_|_| |_\__, | / / / /
 =========|_|==============|___/=/_/_/_/
 :: Spring Boot ::                (v3.2.4)

2024-04-03T22:49:39.919+01:00  INFO 5964 --- [product-query] [           main] c.e.ProductQueryServiceApplicationTests  : Starting ProductQueryServiceApplicationTests using Java 21 with PID 5964 (started by shadlia in C:\Users\shadlia\Desktop\API GATEWAY project\product-query-service)
2024-04-03T22:49:39.921+01:00  INFO 5964 --- [product-query] [           main] c.e.ProductQueryServiceApplicationTests  : No active profile set, falling back to 1 default profile: "default"
2024-04-03T22:49:40.758+01:00  INFO 5964 --- [product-query] [           main] .s.d.r.c.RepositoryConfigurationDelegate : Bootstrapping Spring Data JPA repositories in DEFAULT mode.
2024-04-03T22:49:40.864+01:00  INFO 5964 --- [product-query] [           main] .s.d.r.c.RepositoryConfigurationDelegate : Finished Spring Data repository scanning in 95 ms. Found 1 JPA repository interface.
2024-04-03T22:49:41.199+01:00  INFO 5964 --- [product-query] [           main] o.s.cloud.context.scope.GenericScope     : BeanFactory id=416e24a6-9502-39a6-8673-138fbef8ca5f
2024-04-03T22:49:41.421+01:00  WARN 5964 --- [product-query] [           main] trationDelegate$BeanPostProcessorChecker : Bean 'org.springframework.cloud.client.loadbalancer.LoadBalancerAutoConfiguration$DeferringLoadBalancerInterceptorConfig' of type [org.springframework.cloud.client.loadbalancer.LoadBalancerAutoConfiguration$DeferringLoadBalancerInterceptorConfig] is not eligible for getting processed by all BeanPostProcessors (for example: not eligible for auto-proxying). The currently created BeanPostProcessor [lbRestClientPostProcessor] is declared through a non-static factory method on that class; consider declaring it as static instead.
2024-04-03T22:49:41.423+01:00  WARN 5964 --- [product-query] [           main] trationDelegate$BeanPostProcessorChecker : Bean 'deferringLoadBalancerInterceptor' of type [org.springframework.cloud.client.loadbalancer.DeferringLoadBalancerInterceptor] is not eligible for getting processed by all BeanPostProcessors (for example: not eligible for auto-proxying). Is this bean getting eagerly injected into a currently created BeanPostProcessor [lbRestClientPostProcessor]? Check the corresponding BeanPostProcessor declaration and its dependencies.
2024-04-03T22:49:41.636+01:00  INFO 5964 --- [product-query] [           main] o.hibernate.jpa.internal.util.LogHelper  : HHH000204: Processing PersistenceUnitInfo [name: default]
2024-04-03T22:49:41.706+01:00  INFO 5964 --- [product-query] [           main] org.hibernate.Version                    : HHH000412: Hibernate ORM core version 6.4.4.Final
2024-04-03T22:49:41.741+01:00  INFO 5964 --- [product-query] [           main] o.h.c.internal.RegionFactoryInitiator    : HHH000026: Second-level cache disabled
2024-04-03T22:49:42.097+01:00  INFO 5964 --- [product-query] [           main] o.s.o.j.p.SpringPersistenceUnitInfo      : No LoadTimeWeaver setup: ignoring JPA class transformer
2024-04-03T22:49:42.142+01:00  INFO 5964 --- [product-query] [           main] com.zaxxer.hikari.HikariDataSource       : HikariPool-1 - Starting...
2024-04-03T22:49:42.291+01:00  INFO 5964 --- [product-query] [           main] com.zaxxer.hikari.pool.HikariPool        : HikariPool-1 - Added connection com.mysql.cj.jdbc.ConnectionImpl@5f3f57ff
2024-04-03T22:49:42.292+01:00  INFO 5964 --- [product-query] [           main] com.zaxxer.hikari.HikariDataSource       : HikariPool-1 - Start completed.
2024-04-03T22:49:42.318+01:00  WARN 5964 --- [product-query] [           main] org.hibernate.dialect.Dialect            : HHH000511: The 5.7.17 version for [org.hibernate.dialect.MySQLDialect] is no longer supported, hence certain features may not work properly. The minimum supported version is 8.0.0. Check the community dialects project for available legacy versions.
2024-04-03T22:49:42.321+01:00  WARN 5964 --- [product-query] [           main] org.hibernate.orm.deprecation            : HHH90000025: MySQLDialect does not need to be specified explicitly using 'hibernate.dialect' (remove the property setting and it will be selected by default)
2024-04-03T22:49:42.872+01:00  INFO 5964 --- [product-query] [           main] o.h.e.t.j.p.i.JtaPlatformInitiator       : HHH000489: No JTA platform available (set 'hibernate.transaction.jta.platform' to enable JTA platform integration)
2024-04-03T22:49:42.897+01:00  INFO 5964 --- [product-query] [           main] j.LocalContainerEntityManagerFactoryBean : Initialized JPA EntityManagerFactory for persistence unit 'default'
2024-04-03T22:49:43.534+01:00  WARN 5964 --- [product-query] [           main] JpaBaseConfiguration$JpaWebConfiguration : spring.jpa.open-in-view is enabled by default. Therefore, database queries may be performed during view rendering. Explicitly configure spring.jpa.open-in-view to disable this warning
2024-04-03T22:49:44.229+01:00  INFO 5964 --- [product-query] [           main] DiscoveryClientOptionalArgsConfiguration : Eureka HTTP Client uses RestTemplate.
2024-04-03T22:49:44.261+01:00  WARN 5964 --- [product-query] [           main] iguration$LoadBalancerCaffeineWarnLogger : Spring Cloud LoadBalancer is currently working with the default cache. While this cache implementation is useful for development and tests, it's recommended to use Caffeine cache in production.You can switch to using Caffeine cache, by adding it and org.springframework.cache.caffeine.CaffeineCacheManager to the classpath.
2024-04-03T22:49:44.313+01:00  INFO 5964 --- [product-query] [           main] o.s.c.n.eureka.InstanceInfoFactory       : Setting initial instance status as: STARTING
2024-04-03T22:49:44.430+01:00  INFO 5964 --- [product-query] [           main] com.netflix.discovery.DiscoveryClient    : Initializing Eureka in region us-east-1
2024-04-03T22:49:44.436+01:00  INFO 5964 --- [product-query] [           main] c.n.d.s.r.aws.ConfigClusterResolver      : Resolving eureka endpoints via configuration
2024-04-03T22:49:44.452+01:00  INFO 5964 --- [product-query] [           main] com.netflix.discovery.DiscoveryClient    : Disable delta property : false
2024-04-03T22:49:44.452+01:00  INFO 5964 --- [product-query] [           main] com.netflix.discovery.DiscoveryClient    : Single vip registry refresh property : null
2024-04-03T22:49:44.452+01:00  INFO 5964 --- [product-query] [           main] com.netflix.discovery.DiscoveryClient    : Force full registry fetch : false
2024-04-03T22:49:44.452+01:00  INFO 5964 --- [product-query] [           main] com.netflix.discovery.DiscoveryClient    : Application is null : false
2024-04-03T22:49:44.452+01:00  INFO 5964 --- [product-query] [           main] com.netflix.discovery.DiscoveryClient    : Registered Applications size is zero : true
2024-04-03T22:49:44.453+01:00  INFO 5964 --- [product-query] [           main] com.netflix.discovery.DiscoveryClient    : Application version is -1: true
2024-04-03T22:49:44.453+01:00  INFO 5964 --- [product-query] [           main] com.netflix.discovery.DiscoveryClient    : Getting all instance registry info from the eureka server
2024-04-03T22:49:44.867+01:00  INFO 5964 --- [product-query] [           main] com.netflix.discovery.DiscoveryClient    : The response status is 200
2024-04-03T22:49:44.869+01:00  INFO 5964 --- [product-query] [           main] com.netflix.discovery.DiscoveryClient    : Starting heartbeat executor: renew interval is: 30
2024-04-03T22:49:44.871+01:00  INFO 5964 --- [product-query] [           main] c.n.discovery.InstanceInfoReplicator     : InstanceInfoReplicator onDemand update allowed rate per min is 4
2024-04-03T22:49:44.874+01:00  INFO 5964 --- [product-query] [           main] com.netflix.discovery.DiscoveryClient    : Discovery Client initialized at timestamp 1712180984874 with initial instances count: 1
2024-04-03T22:49:44.884+01:00  INFO 5964 --- [product-query] [           main] o.s.c.n.e.s.EurekaServiceRegistry        : Registering application PRODUCT-QUERY with eureka with status UP
2024-04-03T22:49:44.889+01:00  INFO 5964 --- [product-query] [           main] com.netflix.discovery.DiscoveryClient    : Saw local status change event StatusChangeEvent [timestamp=1712180984889, current=UP, previous=STARTING]
2024-04-03T22:49:44.898+01:00  INFO 5964 --- [product-query] [nfoReplicator-0] com.netflix.discovery.DiscoveryClient    : DiscoveryClient_PRODUCT-QUERY/DESKTOP-KARO09.mshome.net:product-query:9292: registering service...
2024-04-03T22:49:44.963+01:00  INFO 5964 --- [product-query] [nfoReplicator-0] com.netflix.discovery.DiscoveryClient    : DiscoveryClient_PRODUCT-QUERY/DESKTOP-KARO09.mshome.net:product-query:9292 - registration status: 204
2024-04-03T22:49:44.974+01:00  INFO 5964 --- [product-query] [           main] o.a.k.clients.consumer.ConsumerConfig    : ConsumerConfig values: 
	allow.auto.create.topics = true
	auto.commit.interval.ms = 5000
	auto.include.jmx.reporter = true
	auto.offset.reset = latest
	bootstrap.servers = [localhost:9092]
	check.crcs = true
	client.dns.lookup = use_all_dns_ips
	client.id = consumer-product-event-group-1
	client.rack = 
	connections.max.idle.ms = 540000
	default.api.timeout.ms = 60000
	enable.auto.commit = false
	exclude.internal.topics = true
	fetch.max.bytes = 52428800
	fetch.max.wait.ms = 500
	fetch.min.bytes = 1
	group.id = product-event-group
	group.instance.id = null
	heartbeat.interval.ms = 3000
	interceptor.classes = []
	internal.leave.group.on.close = true
	internal.throw.on.fetch.stable.offset.unsupported = false
	isolation.level = read_uncommitted
	key.deserializer = class org.apache.kafka.common.serialization.StringDeserializer
	max.partition.fetch.bytes = 1048576
	max.poll.interval.ms = 300000
	max.poll.records = 500
	metadata.max.age.ms = 300000
	metric.reporters = []
	metrics.num.samples = 2
	metrics.recording.level = INFO
	metrics.sample.window.ms = 30000
	partition.assignment.strategy = [class org.apache.kafka.clients.consumer.RangeAssignor, class org.apache.kafka.clients.consumer.CooperativeStickyAssignor]
	receive.buffer.bytes = 65536
	reconnect.backoff.max.ms = 1000
	reconnect.backoff.ms = 50
	request.timeout.ms = 30000
	retry.backoff.ms = 100
	sasl.client.callback.handler.class = null
	sasl.jaas.config = null
	sasl.kerberos.kinit.cmd = /usr/bin/kinit
	sasl.kerberos.min.time.before.relogin = 60000
	sasl.kerberos.service.name = null
	sasl.kerberos.ticket.renew.jitter = 0.05
	sasl.kerberos.ticket.renew.window.factor = 0.8
	sasl.login.callback.handler.class = null
	sasl.login.class = null
	sasl.login.connect.timeout.ms = null
	sasl.login.read.timeout.ms = null
	sasl.login.refresh.buffer.seconds = 300
	sasl.login.refresh.min.period.seconds = 60
	sasl.login.refresh.window.factor = 0.8
	sasl.login.refresh.window.jitter = 0.05
	sasl.login.retry.backoff.max.ms = 10000
	sasl.login.retry.backoff.ms = 100
	sasl.mechanism = GSSAPI
	sasl.oauthbearer.clock.skew.seconds = 30
	sasl.oauthbearer.expected.audience = null
	sasl.oauthbearer.expected.issuer = null
	sasl.oauthbearer.jwks.endpoint.refresh.ms = 3600000
	sasl.oauthbearer.jwks.endpoint.retry.backoff.max.ms = 10000
	sasl.oauthbearer.jwks.endpoint.retry.backoff.ms = 100
	sasl.oauthbearer.jwks.endpoint.url = null
	sasl.oauthbearer.scope.claim.name = scope
	sasl.oauthbearer.sub.claim.name = sub
	sasl.oauthbearer.token.endpoint.url = null
	security.protocol = PLAINTEXT
	security.providers = null
	send.buffer.bytes = 131072
	session.timeout.ms = 45000
	socket.connection.setup.timeout.max.ms = 30000
	socket.connection.setup.timeout.ms = 10000
	ssl.cipher.suites = null
	ssl.enabled.protocols = [TLSv1.2, TLSv1.3]
	ssl.endpoint.identification.algorithm = https
	ssl.engine.factory.class = null
	ssl.key.password = null
	ssl.keymanager.algorithm = SunX509
	ssl.keystore.certificate.chain = null
	ssl.keystore.key = null
	ssl.keystore.location = null
	ssl.keystore.password = null
	ssl.keystore.type = JKS
	ssl.protocol = TLSv1.3
	ssl.provider = null
	ssl.secure.random.implementation = null
	ssl.trustmanager.algorithm = PKIX
	ssl.truststore.certificates = null
	ssl.truststore.location = null
	ssl.truststore.password = null
	ssl.truststore.type = JKS
	value.deserializer = class org.springframework.kafka.support.serializer.JsonDeserializer

2024-04-03T22:49:45.044+01:00  INFO 5964 --- [product-query] [           main] o.a.kafka.common.utils.AppInfoParser     : Kafka version: 3.6.1
2024-04-03T22:49:45.045+01:00  INFO 5964 --- [product-query] [           main] o.a.kafka.common.utils.AppInfoParser     : Kafka commitId: 5e3c2b738d253ff5
2024-04-03T22:49:45.046+01:00  INFO 5964 --- [product-query] [           main] o.a.kafka.common.utils.AppInfoParser     : Kafka startTimeMs: 1712180985042
2024-04-03T22:49:45.051+01:00  INFO 5964 --- [product-query] [           main] fkaConsumerFactory$ExtendedKafkaConsumer : [Consumer clientId=consumer-product-event-group-1, groupId=product-event-group] Subscribed to topic(s): product-event-topic
2024-04-03T22:49:45.072+01:00  INFO 5964 --- [product-query] [           main] c.e.ProductQueryServiceApplicationTests  : Started ProductQueryServiceApplicationTests in 5.575 seconds (process running for 6.777)
2024-04-03T22:49:45.491+01:00  INFO 5964 --- [product-query] [ntainer#0-0-C-1] org.apache.kafka.clients.Metadata        : [Consumer clientId=consumer-product-event-group-1, groupId=product-event-group] Cluster ID: LeOOHtWIS9ueRvP9oszxjw
2024-04-03T22:49:45.492+01:00  INFO 5964 --- [product-query] [ntainer#0-0-C-1] o.a.k.c.c.internals.ConsumerCoordinator  : [Consumer clientId=consumer-product-event-group-1, groupId=product-event-group] Discovered group coordinator 192.168.1.16:9092 (id: 2147482646 rack: null)
2024-04-03T22:49:45.494+01:00  INFO 5964 --- [product-query] [ntainer#0-0-C-1] o.a.k.c.c.internals.ConsumerCoordinator  : [Consumer clientId=consumer-product-event-group-1, groupId=product-event-group] (Re-)joining group
2024-04-03T22:49:45.514+01:00  INFO 5964 --- [product-query] [ntainer#0-0-C-1] o.a.k.c.c.internals.ConsumerCoordinator  : [Consumer clientId=consumer-product-event-group-1, groupId=product-event-group] Request joining group due to: need to re-join with the given member-id: consumer-product-event-group-1-44ecc5d6-2f6f-4d6b-9136-6b2cace9d70b
2024-04-03T22:49:45.515+01:00  INFO 5964 --- [product-query] [ntainer#0-0-C-1] o.a.k.c.c.internals.ConsumerCoordinator  : [Consumer clientId=consumer-product-event-group-1, groupId=product-event-group] Request joining group due to: rebalance failed due to 'The group member needs to have a valid member id before actually entering a consumer group.' (MemberIdRequiredException)
2024-04-03T22:49:45.515+01:00  INFO 5964 --- [product-query] [ntainer#0-0-C-1] o.a.k.c.c.internals.ConsumerCoordinator  : [Consumer clientId=consumer-product-event-group-1, groupId=product-event-group] (Re-)joining group
]]></system-out>
    <system-err><![CDATA[WARNING: A Java agent has been loaded dynamically (C:\Users\shadlia\.m2\repository\net\bytebuddy\byte-buddy-agent\1.14.12\byte-buddy-agent-1.14.12.jar)
WARNING: If a serviceability tool is in use, please run with -XX:+EnableDynamicAgentLoading to hide this warning
WARNING: If a serviceability tool is not in use, please run with -Djdk.instrument.traceUsage for more information
WARNING: Dynamic loading of agents will be disallowed by default in a future release
]]></system-err>
  </testcase>
</testsuite>